INFO:requests.packages.urllib3.connectionpool:Starting new HTTPS connection (1): api.telegram.org
INFO:root:message with id: 414 received: курс евро
INFO:root:Currency detected: EUR
INFO:root:No date detected
INFO:root:Search for the exchange rate of all currencies in the region
INFO:requests.packages.urllib3.connectionpool:Starting new HTTPS connection (1): api.telegram.org
INFO:root:Opening https://www.banki.ru/products/currency/cash/eur/moskva/
INFO:requests.packages.urllib3.connectionpool:Starting new HTTPS connection (1): www.banki.ru
INFO:root:Opening https://www.banki.ru/products/currency/cash/eur/moskva/
INFO:requests.packages.urllib3.connectionpool:Starting new HTTPS connection (1): www.banki.ru
INFO:root:Sent message with EUR currency to the chat 530285904
INFO:root:Responded
INFO:root:message with id: 418 received: Курс евро
INFO:root:Currency detected: EUR
INFO:root:No date detected
INFO:root:Search for the exchange rate of all currencies in the region
INFO:root:Opening https://www.banki.ru/products/currency/cash/eur/moskva/
INFO:requests.packages.urllib3.connectionpool:Starting new HTTPS connection (1): www.banki.ru
INFO:root:Opening https://www.banki.ru/products/currency/cash/eur/moskva/
INFO:requests.packages.urllib3.connectionpool:Starting new HTTPS connection (1): www.banki.ru
INFO:root:Sent message with EUR currency to the chat -443332761
INFO:root:Responded
